
2025-02-17 18:22:32,282 INFO: errors [in /Users/davidpardob/Programming/Fullstack-Dev/class-projects/FSND/projects/01_fyyur/starter_code/app.py:484]
2025-02-17 18:23:41,236 INFO: errors [in /Users/davidpardob/Programming/Fullstack-Dev/class-projects/FSND/projects/01_fyyur/starter_code/app.py:484]
2025-02-17 18:24:22,783 INFO: errors [in /Users/davidpardob/Programming/Fullstack-Dev/class-projects/FSND/projects/01_fyyur/starter_code/app.py:484]
2025-02-17 18:30:47,071 INFO: errors [in /Users/davidpardob/Programming/Fullstack-Dev/class-projects/FSND/projects/01_fyyur/starter_code/app.py:484]
2025-02-17 18:33:28,680 INFO: errors [in /Users/davidpardob/Programming/Fullstack-Dev/class-projects/FSND/projects/01_fyyur/starter_code/app.py:484]
2025-02-17 18:36:22,081 INFO: errors [in /Users/davidpardob/Programming/Fullstack-Dev/class-projects/FSND/projects/01_fyyur/starter_code/app.py:484]
2025-02-17 18:38:16,779 INFO: errors [in /Users/davidpardob/Programming/Fullstack-Dev/class-projects/FSND/projects/01_fyyur/starter_code/app.py:484]
2025-02-17 18:48:17,047 INFO: errors [in /Users/davidpardob/Programming/Fullstack-Dev/class-projects/FSND/projects/01_fyyur/starter_code/app.py:495]
2025-02-17 19:18:07,179 INFO: errors [in /Users/davidpardob/Programming/Fullstack-Dev/class-projects/FSND/projects/01_fyyur/starter_code/app.py:568]
2025-02-17 19:18:07,679 INFO: errors [in /Users/davidpardob/Programming/Fullstack-Dev/class-projects/FSND/projects/01_fyyur/starter_code/app.py:568]
2025-02-17 19:18:13,625 ERROR: Search route hit! [in /Users/davidpardob/Programming/Fullstack-Dev/class-projects/FSND/projects/01_fyyur/starter_code/app.py:139]
2025-02-17 19:18:13,627 ERROR: Form data: ImmutableMultiDict([('search_term', 'music')]) [in /Users/davidpardob/Programming/Fullstack-Dev/class-projects/FSND/projects/01_fyyur/starter_code/app.py:150]
2025-02-17 19:18:13,627 ERROR: Search term: music [in /Users/davidpardob/Programming/Fullstack-Dev/class-projects/FSND/projects/01_fyyur/starter_code/app.py:151]
2025-02-17 19:18:22,715 ERROR: Search route hit! [in /Users/davidpardob/Programming/Fullstack-Dev/class-projects/FSND/projects/01_fyyur/starter_code/app.py:139]
2025-02-17 19:18:22,715 ERROR: Form data: ImmutableMultiDict([('search_term', 'music')]) [in /Users/davidpardob/Programming/Fullstack-Dev/class-projects/FSND/projects/01_fyyur/starter_code/app.py:150]
2025-02-17 19:18:22,716 ERROR: Search term: music [in /Users/davidpardob/Programming/Fullstack-Dev/class-projects/FSND/projects/01_fyyur/starter_code/app.py:151]
2025-02-17 19:20:04,902 INFO: errors [in /Users/davidpardob/Programming/Fullstack-Dev/class-projects/FSND/projects/01_fyyur/starter_code/app.py:569]
2025-02-17 19:20:23,077 ERROR: Search route hit! [in /Users/davidpardob/Programming/Fullstack-Dev/class-projects/FSND/projects/01_fyyur/starter_code/app.py:140]
2025-02-17 19:20:23,079 ERROR: Form data: ImmutableMultiDict([('search_term', 'music')]) [in /Users/davidpardob/Programming/Fullstack-Dev/class-projects/FSND/projects/01_fyyur/starter_code/app.py:151]
2025-02-17 19:20:23,079 ERROR: Search term: music [in /Users/davidpardob/Programming/Fullstack-Dev/class-projects/FSND/projects/01_fyyur/starter_code/app.py:152]
2025-02-17 19:20:23,079 INFO: Form data: ImmutableMultiDict([('search_term', 'music')]) [in /Users/davidpardob/Programming/Fullstack-Dev/class-projects/FSND/projects/01_fyyur/starter_code/app.py:155]
2025-02-17 19:20:23,079 INFO: Search term received: music [in /Users/davidpardob/Programming/Fullstack-Dev/class-projects/FSND/projects/01_fyyur/starter_code/app.py:156]
2025-02-17 19:20:23,084 INFO: Found 2 venues matching search term [in /Users/davidpardob/Programming/Fullstack-Dev/class-projects/FSND/projects/01_fyyur/starter_code/app.py:166]
2025-02-17 19:20:31,428 ERROR: Search route hit! [in /Users/davidpardob/Programming/Fullstack-Dev/class-projects/FSND/projects/01_fyyur/starter_code/app.py:140]
2025-02-17 19:20:31,429 ERROR: Form data: ImmutableMultiDict([('search_term', 'hop')]) [in /Users/davidpardob/Programming/Fullstack-Dev/class-projects/FSND/projects/01_fyyur/starter_code/app.py:151]
2025-02-17 19:20:31,429 ERROR: Search term: hop [in /Users/davidpardob/Programming/Fullstack-Dev/class-projects/FSND/projects/01_fyyur/starter_code/app.py:152]
2025-02-17 19:20:31,429 INFO: Form data: ImmutableMultiDict([('search_term', 'hop')]) [in /Users/davidpardob/Programming/Fullstack-Dev/class-projects/FSND/projects/01_fyyur/starter_code/app.py:155]
2025-02-17 19:20:31,429 INFO: Search term received: hop [in /Users/davidpardob/Programming/Fullstack-Dev/class-projects/FSND/projects/01_fyyur/starter_code/app.py:156]
2025-02-17 19:20:31,431 INFO: Found 1 venues matching search term [in /Users/davidpardob/Programming/Fullstack-Dev/class-projects/FSND/projects/01_fyyur/starter_code/app.py:166]
2025-02-17 19:22:01,464 INFO: errors [in /Users/davidpardob/Programming/Fullstack-Dev/class-projects/FSND/projects/01_fyyur/starter_code/app.py:551]
2025-02-17 19:22:12,504 INFO: errors [in /Users/davidpardob/Programming/Fullstack-Dev/class-projects/FSND/projects/01_fyyur/starter_code/app.py:551]
2025-02-17 19:27:49,663 INFO: errors [in /Users/davidpardob/Programming/Fullstack-Dev/class-projects/FSND/projects/01_fyyur/starter_code/app.py:581]
2025-02-17 19:28:50,071 INFO: errors [in /Users/davidpardob/Programming/Fullstack-Dev/class-projects/FSND/projects/01_fyyur/starter_code/app.py:581]
2025-02-17 19:32:01,533 INFO: errors [in /Users/davidpardob/Programming/Fullstack-Dev/class-projects/FSND/projects/01_fyyur/starter_code/app.py:581]
2025-02-17 19:32:02,021 INFO: errors [in /Users/davidpardob/Programming/Fullstack-Dev/class-projects/FSND/projects/01_fyyur/starter_code/app.py:581]
2025-02-17 19:35:11,313 INFO: errors [in /Users/davidpardob/Programming/Fullstack-Dev/class-projects/FSND/projects/01_fyyur/starter_code/app.py:565]
2025-02-17 19:36:11,688 INFO: errors [in /Users/davidpardob/Programming/Fullstack-Dev/class-projects/FSND/projects/01_fyyur/starter_code/app.py:565]
2025-02-17 19:37:00,046 INFO: errors [in /Users/davidpardob/Programming/Fullstack-Dev/class-projects/FSND/projects/01_fyyur/starter_code/app.py:640]
2025-02-17 19:37:33,167 INFO: errors [in /Users/davidpardob/Programming/Fullstack-Dev/class-projects/FSND/projects/01_fyyur/starter_code/app.py:640]
2025-02-17 19:43:13,365 INFO: errors [in /Users/davidpardob/Programming/Fullstack-Dev/class-projects/FSND/projects/01_fyyur/starter_code/app.py:670]
2025-02-17 19:43:25,393 INFO: errors [in /Users/davidpardob/Programming/Fullstack-Dev/class-projects/FSND/projects/01_fyyur/starter_code/app.py:670]
2025-02-17 19:46:14,730 INFO: errors [in /Users/davidpardob/Programming/Fullstack-Dev/class-projects/FSND/projects/01_fyyur/starter_code/app.py:680]
2025-02-17 19:47:42,835 INFO: errors [in /Users/davidpardob/Programming/Fullstack-Dev/class-projects/FSND/projects/01_fyyur/starter_code/app.py:711]
2025-02-17 19:47:46,768 INFO: errors [in /Users/davidpardob/Programming/Fullstack-Dev/class-projects/FSND/projects/01_fyyur/starter_code/app.py:711]
2025-02-17 19:51:11,443 INFO: errors [in /Users/davidpardob/Programming/Fullstack-Dev/class-projects/FSND/projects/01_fyyur/starter_code/app.py:701]
2025-02-17 19:58:40,470 INFO: errors [in /Users/davidpardob/Programming/Fullstack-Dev/class-projects/FSND/projects/01_fyyur/starter_code/app.py:769]
2025-02-17 20:03:01,020 INFO: errors [in /Users/davidpardob/Programming/Fullstack-Dev/class-projects/FSND/projects/01_fyyur/starter_code/app.py:795]
2025-02-17 20:03:33,001 INFO: errors [in /Users/davidpardob/Programming/Fullstack-Dev/class-projects/FSND/projects/01_fyyur/starter_code/app.py:795]
2025-02-17 20:10:37,703 INFO: errors [in /Users/davidpardob/Programming/Fullstack-Dev/class-projects/FSND/projects/01_fyyur/starter_code/app.py:810]
2025-02-17 20:15:38,786 INFO: errors [in /Users/davidpardob/Programming/Fullstack-Dev/class-projects/FSND/projects/01_fyyur/starter_code/app.py:838]
2025-02-17 20:25:09,451 INFO: errors [in /Users/davidpardob/Programming/Fullstack-Dev/class-projects/FSND/projects/01_fyyur/starter_code/app.py:872]
2025-02-17 20:25:47,874 INFO: errors [in /Users/davidpardob/Programming/Fullstack-Dev/class-projects/FSND/projects/01_fyyur/starter_code/app.py:872]
2025-02-17 20:27:09,977 INFO: errors [in /Users/davidpardob/Programming/Fullstack-Dev/class-projects/FSND/projects/01_fyyur/starter_code/app.py:907]
2025-02-17 20:27:27,001 INFO: errors [in /Users/davidpardob/Programming/Fullstack-Dev/class-projects/FSND/projects/01_fyyur/starter_code/app.py:907]
2025-02-17 20:31:20,157 INFO: errors [in /Users/davidpardob/Programming/Fullstack-Dev/class-projects/FSND/projects/01_fyyur/starter_code/app.py:918]
2025-02-17 20:35:59,909 INFO: errors [in /Users/davidpardob/Programming/Fullstack-Dev/class-projects/FSND/projects/01_fyyur/starter_code/app.py:928]
2025-02-17 20:38:38,090 INFO: errors [in /Users/davidpardob/Programming/Fullstack-Dev/class-projects/FSND/projects/01_fyyur/starter_code/app.py:912]
2025-02-17 20:41:06,126 INFO: errors [in /Users/davidpardob/Programming/Fullstack-Dev/class-projects/FSND/projects/01_fyyur/starter_code/app.py:928]
2025-02-17 20:43:34,063 INFO: errors [in /Users/davidpardob/Programming/Fullstack-Dev/class-projects/FSND/projects/01_fyyur/starter_code/app.py:941]
2025-02-17 20:43:49,954 INFO: errors [in /Users/davidpardob/Programming/Fullstack-Dev/class-projects/FSND/projects/01_fyyur/starter_code/app.py:941]
2025-02-17 20:46:33,405 INFO: errors [in /Users/davidpardob/Programming/Fullstack-Dev/class-projects/FSND/projects/01_fyyur/starter_code/app.py:940]
2025-02-17 20:46:37,064 INFO: errors [in /Users/davidpardob/Programming/Fullstack-Dev/class-projects/FSND/projects/01_fyyur/starter_code/app.py:940]
2025-02-17 20:48:10,276 INFO: errors [in /Users/davidpardob/Programming/Fullstack-Dev/class-projects/FSND/projects/01_fyyur/starter_code/app.py:940]
2025-02-17 20:48:38,448 INFO: errors [in /Users/davidpardob/Programming/Fullstack-Dev/class-projects/FSND/projects/01_fyyur/starter_code/app.py:940]
2025-02-17 20:48:56,616 INFO: errors [in /Users/davidpardob/Programming/Fullstack-Dev/class-projects/FSND/projects/01_fyyur/starter_code/app.py:940]
2025-02-17 20:49:12,686 INFO: errors [in /Users/davidpardob/Programming/Fullstack-Dev/class-projects/FSND/projects/01_fyyur/starter_code/app.py:940]
2025-02-17 20:49:32,987 INFO: errors [in /Users/davidpardob/Programming/Fullstack-Dev/class-projects/FSND/projects/01_fyyur/starter_code/app.py:940]
2025-02-17 20:49:40,988 INFO: errors [in /Users/davidpardob/Programming/Fullstack-Dev/class-projects/FSND/projects/01_fyyur/starter_code/app.py:940]
2025-02-17 20:51:43,133 INFO: errors [in /Users/davidpardob/Programming/Fullstack-Dev/class-projects/FSND/projects/01_fyyur/starter_code/app.py:940]
2025-02-17 21:00:54,504 INFO: errors [in /Users/davidpardob/Programming/Fullstack-Dev/class-projects/FSND/projects/01_fyyur/starter_code/app.py:940]
2025-02-17 21:03:19,642 INFO: errors [in /Users/davidpardob/Programming/Fullstack-Dev/class-projects/FSND/projects/01_fyyur/starter_code/app.py:940]
2025-02-17 21:04:26,111 INFO: errors [in /Users/davidpardob/Programming/Fullstack-Dev/class-projects/FSND/projects/01_fyyur/starter_code/app.py:940]
2025-02-17 21:04:50,322 INFO: errors [in /Users/davidpardob/Programming/Fullstack-Dev/class-projects/FSND/projects/01_fyyur/starter_code/app.py:940]
2025-02-17 21:05:45,296 INFO: errors [in /Users/davidpardob/Programming/Fullstack-Dev/class-projects/FSND/projects/01_fyyur/starter_code/app.py:940]
2025-02-17 21:06:31,772 INFO: errors [in /Users/davidpardob/Programming/Fullstack-Dev/class-projects/FSND/projects/01_fyyur/starter_code/app.py:940]
2025-02-17 21:09:19,473 INFO: Application startup [in /Users/davidpardob/Programming/Fullstack-Dev/class-projects/FSND/projects/01_fyyur/starter_code/app.py:940]
2025-02-17 21:09:19,946 INFO: Application startup [in /Users/davidpardob/Programming/Fullstack-Dev/class-projects/FSND/projects/01_fyyur/starter_code/app.py:940]
2025-02-17 21:10:16,458 INFO: Application startup [in /Users/davidpardob/Programming/Fullstack-Dev/class-projects/FSND/projects/01_fyyur/starter_code/app.py:940]
2025-02-17 21:10:35,380 INFO: Application startup [in /Users/davidpardob/Programming/Fullstack-Dev/class-projects/FSND/projects/01_fyyur/starter_code/app.py:940]
2025-02-17 21:10:41,904 INFO: Application startup [in /Users/davidpardob/Programming/Fullstack-Dev/class-projects/FSND/projects/01_fyyur/starter_code/app.py:940]
2025-02-17 21:11:00,346 INFO: Application startup [in /Users/davidpardob/Programming/Fullstack-Dev/class-projects/FSND/projects/01_fyyur/starter_code/app.py:940]
2025-02-17 21:11:00,865 INFO: Application startup [in /Users/davidpardob/Programming/Fullstack-Dev/class-projects/FSND/projects/01_fyyur/starter_code/app.py:940]
2025-02-17 21:16:04,206 INFO: Application startup [in /Users/davidpardob/Programming/Fullstack-Dev/class-projects/FSND/projects/01_fyyur/starter_code/app.py:946]
2025-02-17 21:16:34,303 INFO: Application startup [in /Users/davidpardob/Programming/Fullstack-Dev/class-projects/FSND/projects/01_fyyur/starter_code/app.py:950]
2025-02-17 21:18:02,158 INFO: Application startup [in /Users/davidpardob/Programming/Fullstack-Dev/class-projects/FSND/projects/01_fyyur/starter_code/app.py:950]
2025-02-17 21:18:54,666 INFO: Application startup [in /Users/davidpardob/Programming/Fullstack-Dev/class-projects/FSND/projects/01_fyyur/starter_code/app.py:950]
2025-02-17 21:19:49,605 INFO: Application startup [in /Users/davidpardob/Programming/Fullstack-Dev/class-projects/FSND/projects/01_fyyur/starter_code/app.py:950]
2025-02-17 21:23:29,184 INFO: Application startup [in /Users/davidpardob/Programming/Fullstack-Dev/class-projects/FSND/projects/01_fyyur/starter_code/app.py:950]
2025-02-17 21:26:37,393 INFO: Application startup [in /Users/davidpardob/Programming/Fullstack-Dev/class-projects/FSND/projects/01_fyyur/starter_code/app.py:959]
2025-02-17 21:26:41,247 INFO: Application startup [in /Users/davidpardob/Programming/Fullstack-Dev/class-projects/FSND/projects/01_fyyur/starter_code/app.py:959]
2025-02-17 21:29:51,481 INFO: Application startup [in /Users/davidpardob/Programming/Fullstack-Dev/class-projects/FSND/projects/01_fyyur/starter_code/app.py:961]
2025-02-17 21:31:36,947 INFO: Application startup [in /Users/davidpardob/Programming/Fullstack-Dev/class-projects/FSND/projects/01_fyyur/starter_code/app.py:974]
2025-02-17 21:32:30,627 INFO: Application startup [in /Users/davidpardob/Programming/Fullstack-Dev/class-projects/FSND/projects/01_fyyur/starter_code/app.py:974]
2025-02-17 21:36:45,038 INFO: Application startup [in /Users/davidpardob/Programming/Fullstack-Dev/class-projects/FSND/projects/01_fyyur/starter_code/app.py:1011]
2025-02-17 21:37:47,623 INFO: Application startup [in /Users/davidpardob/Programming/Fullstack-Dev/class-projects/FSND/projects/01_fyyur/starter_code/app.py:1045]
2025-02-17 21:50:17,863 INFO: Application startup [in /Users/davidpardob/Programming/Fullstack-Dev/class-projects/FSND/projects/01_fyyur/starter_code/app.py:1045]
2025-02-17 21:50:20,523 INFO: Application startup [in /Users/davidpardob/Programming/Fullstack-Dev/class-projects/FSND/projects/01_fyyur/starter_code/app.py:1045]
2025-02-17 21:53:54,753 INFO: Application startup [in /Users/davidpardob/Programming/Fullstack-Dev/class-projects/FSND/projects/01_fyyur/starter_code/app.py:1044]
2025-02-17 21:54:57,046 INFO: Application startup [in /Users/davidpardob/Programming/Fullstack-Dev/class-projects/FSND/projects/01_fyyur/starter_code/app.py:1040]
2025-02-17 21:56:05,852 INFO: Application startup [in /Users/davidpardob/Programming/Fullstack-Dev/class-projects/FSND/projects/01_fyyur/starter_code/app.py:1039]
2025-02-17 21:57:35,777 INFO: Application startup [in /Users/davidpardob/Programming/Fullstack-Dev/class-projects/FSND/projects/01_fyyur/starter_code/app.py:1036]
2025-02-17 21:59:30,890 INFO: Application startup [in /Users/davidpardob/Programming/Fullstack-Dev/class-projects/FSND/projects/01_fyyur/starter_code/app.py:1036]
2025-02-17 22:00:15,254 INFO: Application startup [in /Users/davidpardob/Programming/Fullstack-Dev/class-projects/FSND/projects/01_fyyur/starter_code/app.py:1036]
2025-02-17 22:07:25,606 INFO: Application startup [in /Users/davidpardob/Programming/Fullstack-Dev/class-projects/FSND/projects/01_fyyur/starter_code/app.py:1075]
2025-02-17 22:13:12,818 INFO: Application startup [in /Users/davidpardob/Programming/Fullstack-Dev/class-projects/FSND/projects/01_fyyur/starter_code/app.py:1075]
2025-02-17 22:13:14,413 INFO: Application startup [in /Users/davidpardob/Programming/Fullstack-Dev/class-projects/FSND/projects/01_fyyur/starter_code/app.py:1075]
2025-02-17 22:20:45,244 INFO: Application startup [in /Users/davidpardob/Programming/Fullstack-Dev/class-projects/FSND/projects/01_fyyur/starter_code/app.py:1075]
2025-02-17 22:22:44,504 INFO: Application startup [in /Users/davidpardob/Programming/Fullstack-Dev/class-projects/FSND/projects/01_fyyur/starter_code/app.py:1096]
2025-02-17 22:23:02,389 INFO: Application startup [in /Users/davidpardob/Programming/Fullstack-Dev/class-projects/FSND/projects/01_fyyur/starter_code/app.py:1096]
2025-02-17 22:23:33,055 INFO: Application startup [in /Users/davidpardob/Programming/Fullstack-Dev/class-projects/FSND/projects/01_fyyur/starter_code/app.py:1096]
2025-02-17 22:23:59,211 INFO: Application startup [in /Users/davidpardob/Programming/Fullstack-Dev/class-projects/FSND/projects/01_fyyur/starter_code/app.py:1096]
2025-02-17 22:27:16,861 INFO: Application startup [in /Users/davidpardob/Programming/Fullstack-Dev/class-projects/FSND/projects/01_fyyur/starter_code/app.py:1096]
2025-02-17 22:29:39,721 INFO: Application startup [in /Users/davidpardob/Programming/Fullstack-Dev/class-projects/FSND/projects/01_fyyur/starter_code/app.py:1096]
2025-02-17 22:32:34,666 INFO: Application startup [in /Users/davidpardob/Programming/Fullstack-Dev/class-projects/FSND/projects/01_fyyur/starter_code/app.py:1096]
2025-02-17 22:33:04,091 INFO: Application startup [in /Users/davidpardob/Programming/Fullstack-Dev/class-projects/FSND/projects/01_fyyur/starter_code/app.py:1096]
2025-02-17 22:33:12,474 INFO: Application startup [in /Users/davidpardob/Programming/Fullstack-Dev/class-projects/FSND/projects/01_fyyur/starter_code/app.py:1096]
2025-02-17 22:33:25,060 INFO: Application startup [in /Users/davidpardob/Programming/Fullstack-Dev/class-projects/FSND/projects/01_fyyur/starter_code/app.py:1096]
2025-02-17 22:33:42,660 INFO: Application startup [in /Users/davidpardob/Programming/Fullstack-Dev/class-projects/FSND/projects/01_fyyur/starter_code/app.py:1096]
2025-02-17 22:39:15,661 INFO: Application startup [in /Users/davidpardob/Programming/Fullstack-Dev/class-projects/FSND/projects/01_fyyur/starter_code/app.py:1096]
2025-02-17 22:39:24,375 INFO: Application startup [in /Users/davidpardob/Programming/Fullstack-Dev/class-projects/FSND/projects/01_fyyur/starter_code/app.py:1096]
2025-02-17 22:44:00,144 INFO: Application startup [in /Users/davidpardob/Programming/Fullstack-Dev/class-projects/FSND/projects/01_fyyur/starter_code/app.py:1105]
2025-02-17 22:44:14,288 INFO: Application startup [in /Users/davidpardob/Programming/Fullstack-Dev/class-projects/FSND/projects/01_fyyur/starter_code/app.py:1105]
2025-02-17 22:44:30,025 INFO: Application startup [in /Users/davidpardob/Programming/Fullstack-Dev/class-projects/FSND/projects/01_fyyur/starter_code/app.py:1105]
2025-02-17 22:45:09,832 INFO: Application startup [in /Users/davidpardob/Programming/Fullstack-Dev/class-projects/FSND/projects/01_fyyur/starter_code/app.py:1105]
2025-02-17 22:45:16,904 INFO: Application startup [in /Users/davidpardob/Programming/Fullstack-Dev/class-projects/FSND/projects/01_fyyur/starter_code/app.py:1105]
2025-02-17 22:45:35,285 INFO: Application startup [in /Users/davidpardob/Programming/Fullstack-Dev/class-projects/FSND/projects/01_fyyur/starter_code/app.py:1105]
2025-02-17 22:45:43,264 INFO: Application startup [in /Users/davidpardob/Programming/Fullstack-Dev/class-projects/FSND/projects/01_fyyur/starter_code/app.py:1105]
2025-02-17 22:45:43,805 INFO: Application startup [in /Users/davidpardob/Programming/Fullstack-Dev/class-projects/FSND/projects/01_fyyur/starter_code/app.py:1105]
2025-02-17 22:51:08,822 INFO: Application startup [in /Users/davidpardob/Programming/Fullstack-Dev/class-projects/FSND/projects/01_fyyur/starter_code/app.py:1105]
2025-02-17 22:52:40,809 INFO: Application startup [in /Users/davidpardob/Programming/Fullstack-Dev/class-projects/FSND/projects/01_fyyur/starter_code/app.py:1118]
2025-02-17 22:52:44,523 INFO: Application startup [in /Users/davidpardob/Programming/Fullstack-Dev/class-projects/FSND/projects/01_fyyur/starter_code/app.py:1118]
2025-02-17 22:57:37,277 INFO: Application startup [in /Users/davidpardob/Programming/Fullstack-Dev/class-projects/FSND/projects/01_fyyur/starter_code/app.py:1118]
2025-02-17 22:59:21,226 INFO: Application startup [in /Users/davidpardob/Programming/Fullstack-Dev/class-projects/FSND/projects/01_fyyur/starter_code/app.py:1118]
2025-02-17 22:59:35,288 INFO: Application startup [in /Users/davidpardob/Programming/Fullstack-Dev/class-projects/FSND/projects/01_fyyur/starter_code/app.py:1118]
2025-02-17 23:00:28,606 INFO: Application startup [in /Users/davidpardob/Programming/Fullstack-Dev/class-projects/FSND/projects/01_fyyur/starter_code/app.py:1118]
2025-02-17 23:00:45,740 INFO: Application startup [in /Users/davidpardob/Programming/Fullstack-Dev/class-projects/FSND/projects/01_fyyur/starter_code/app.py:1118]
2025-02-17 23:01:10,814 INFO: Application startup [in /Users/davidpardob/Programming/Fullstack-Dev/class-projects/FSND/projects/01_fyyur/starter_code/app.py:1118]
2025-02-17 23:01:17,064 INFO: Application startup [in /Users/davidpardob/Programming/Fullstack-Dev/class-projects/FSND/projects/01_fyyur/starter_code/app.py:1118]
2025-02-17 23:04:52,750 INFO: Application startup [in /Users/davidpardob/Programming/Fullstack-Dev/class-projects/FSND/projects/01_fyyur/starter_code/app.py:1116]
2025-02-17 23:05:42,422 INFO: Application startup [in /Users/davidpardob/Programming/Fullstack-Dev/class-projects/FSND/projects/01_fyyur/starter_code/app.py:1114]
2025-02-17 23:07:34,809 INFO: Application startup [in /Users/davidpardob/Programming/Fullstack-Dev/class-projects/FSND/projects/01_fyyur/starter_code/app.py:1114]
2025-02-17 23:08:59,753 INFO: Application startup [in /Users/davidpardob/Programming/Fullstack-Dev/class-projects/FSND/projects/01_fyyur/starter_code/app.py:1114]
2025-02-22 22:33:28,900 INFO: Application startup [in /Users/davidpardob/Programming/Fullstack-Dev/class-projects/01_fyyur/starter_code/app.py:1108]
2025-02-22 22:33:55,147 INFO: Application startup [in /Users/davidpardob/Programming/Fullstack-Dev/class-projects/01_fyyur/starter_code/app.py:1108]
2025-02-22 22:34:04,704 INFO: Application startup [in /Users/davidpardob/Programming/Fullstack-Dev/class-projects/01_fyyur/starter_code/app.py:1108]
2025-02-22 22:35:00,186 INFO: Application startup [in /Users/davidpardob/Programming/Fullstack-Dev/class-projects/01_fyyur/starter_code/app.py:1108]
2025-02-22 22:35:00,699 INFO: Application startup [in /Users/davidpardob/Programming/Fullstack-Dev/class-projects/01_fyyur/starter_code/app.py:1108]
2025-02-22 22:36:36,663 INFO: Application startup [in /Users/davidpardob/Programming/Fullstack-Dev/class-projects/01_fyyur/starter_code/app.py:1108]
2025-02-22 22:36:48,330 INFO: Application startup [in /Users/davidpardob/Programming/Fullstack-Dev/class-projects/01_fyyur/starter_code/app.py:1108]
2025-02-22 22:36:55,816 INFO: Application startup [in /Users/davidpardob/Programming/Fullstack-Dev/class-projects/01_fyyur/starter_code/app.py:1108]
2025-02-22 22:37:06,389 INFO: Application startup [in /Users/davidpardob/Programming/Fullstack-Dev/class-projects/01_fyyur/starter_code/app.py:1108]
2025-02-22 22:37:06,858 INFO: Application startup [in /Users/davidpardob/Programming/Fullstack-Dev/class-projects/01_fyyur/starter_code/app.py:1108]
